Starting to calculate with 4 threads...
size: 137579904	maxsize: 104857859
size: 137579904	realsize: 104857603
size2: 32722301	realsize2: 104857603
size: 32722301	maxsize: 104857859
size: 32722301	realsize: 32722301
size2: 0	realsize2: 32722301
Done.

Different words: 1642
Total words:22187286

Each words count:
149291	= 1089
821482	= 1089
0000000100F522521E4D56BB	= 2178
810949	= 1089
100226	= 2178
100159	= 2178
0000000100F51F5F1E4D5691	= 2178
100153	= 2178
478247	= 1089
374875	= 1089
0000000100F51CF11E4D5670	= 2178
537697	= 1089
100120	= 2178
017984	= 1089
041263	= 1089
100110	= 2178
345131	= 1089
100042	= 2178
410340	= 1089
0000000100F519FA1E4D5644	= 2178
100037	= 2178
0000000100F519D51E4D5641	= 2178
159005	= 1089
100034	= 2178
0000000100F518681E4D562D	= 2178
984086	= 1089
0000000100F516301E4D560F	= 2178
0000000100F516011E4D560D	= 2178
095942	= 2178
0000000100F515D41E4D5609	= 2178
121377	= 1089
082089	= 1089
0000000100F515B11E4D5605	= 2178
071832	= 1089
095934	= 4356
0000000100F5154E1E4D5601	= 2178
143768	= 1089
093898	= 1089
095930	= 4356
627321	= 1089
613363	= 1089
605092	= 1089
095640	= 4356
0000000100F504B11E4D550A	= 2178
149092	= 1089
233566	= 1089
095519	= 2178
0000000100F503C71E4D54FD	= 2178
455718	= 1089
091505	= 1089
080590	= 1089
095343	= 2178
751930	= 1089
0000000100F4FD3D1E4D549C	= 2178
0000000100F4FABD1E4D547B	= 2178
803387	= 1089
387001	= 1089
0000000100F4F9261E4D5461	= 2178
525559	= 1089
095230	= 2178
0000000100F509D81E4D5558	= 2178
095159	= 2178
321394	= 1089
0000000100F4F5FD1E4D5433	= 2178
095148	= 4356
0000000100F4F5681E4D542B	= 2178
095139	= 2178
095114	= 2178
095103	= 2178
0000000100F4F2D11E4D5402	= 2178
891067	= 1089
831525	= 1089
0000000100F4F1ED1E4D53F7	= 2178
944447	= 1089
552038	= 1089
0000000100F4F1D01E4D53F6	= 2178
428774	= 1089
618120	= 1089
606834	= 1089
094853	= 2178
173135	= 1089
0000000100F4E9B11E4D537B	= 2178
159395	= 1089
582402	= 1089
949516	= 1089
578447	= 1089
932348	= 1089
922191	= 1089
0000000100F4E8B51E4D536C	= 2178
024861	= 1089
0000000100F4E62D1E4D5346	= 2178
650440	= 1089
680740	= 1089
20200702	= 2178
0123456789ABCDEGHIJKXbhgmjnstwovryQuLqM	= 2178
340401196810203822	= 2178
639	= 2178
0000000100F4E5AA1E4D5341	= 2178
094745	= 2178
910529	= 1089
0000000100F4E30C1E4D5319	= 2178
691088	= 1089
465101	= 1089
0000000100F4E1381E4D52FD	= 2178
094637	= 2178
253455	= 1089
072191	= 1089
100150	= 2178
041221	= 1089
020018	= 1089
0000000100F4DD061E4D52BB	= 2178
094532	= 2178
390623	= 1089
991873	= 1089
980130	= 1089
094459	= 2178
095053	= 2178
356685	= 1089
0000000100F4DA561E4D5295	= 2178
401475	= 1089
0000000100F4DA1D1E4D5292	= 2178
389287	= 1089
094404	= 2178
665539	= 1089
0000000100F4D6D51E4D5263	= 2178
0000000100F4D6891E4D525C	= 2178
155848	= 1089
942099	= 1089
094356	= 1089
784853	= 1089
0000000100F4DC971E4D52B6	= 2178
0000000100F4D4B81E4D5241	= 2178
0000000100F51A3D1E4D5649	= 2178
773377	= 1089
094329	= 4356
629512	= 1089
094634	= 2178
0000000100F4D3A91E4D5231	= 2178
865811	= 1089
0000000100F4D24E1E4D521C	= 2178
562924	= 1089
094252	= 2178
094230	= 2178
375124	= 1089
094222	= 2178
313814	= 1089
094221	= 2178
0000000100F4CFC51E4D51F4	= 2178
852236	= 1089
702040	= 1089
692033	= 1089
776776	= 1089
298	= 4356
095234	= 2178
764500	= 1089
475259	= 1089
977011	= 1089
094131	= 2178
095509	= 2178
679115	= 1089
654819	= 1089
094107	= 2178
094022	= 2178
571521	= 1089
194650	= 1089
546701	= 1089
094017	= 2178
616037	= 1089
604057	= 1089
0000000100F4C69A1E4D5171	= 2178
994476	= 1089
093958	= 1089
970055	= 1089
964114	= 1089
0000000100F4D0F31E4D5206	= 2178
093925	= 2178
087469	= 1089
0000000100F4C3CD1E4D5142	= 2178
000728	= 1089
375355	= 1089
093914	= 2178
052681	= 1089
345101	= 1089
304886	= 1089
920746	= 1089
093907	= 2178
766783	= 1089
0000000100F4C31F1E4D5139	= 2178
093905	= 2178
136303	= 1089
0000000100F4C1D91E4D5125	= 2178
130567	= 1089
093846	= 2178
332	= 1089
718576	= 1089
0000000100F521881E4D56B2	= 2178
873815	= 1089
325	= 1089
3D3012	= 1089
397843	= 1089
0000000100F4BF4C1E4D50FC	= 2178
3012	= 1089
079683	= 1089
0000000100F4A39D1E4D4F39	= 2178
208932	= 1089
391	= 1089
0000000100F4C46D1E4D514D	= 2178
093033	= 2178
093007	= 2178
0000000100F4A1651E4D4F19	= 2178
970372	= 1089
093001	= 2178
0000000100F4A1581E4D4F18	= 2178
0000000100F51C671E4D5666	= 2178
093000	= 2178
043400	= 1089
0000000100F5046D1E4D5506	= 2178
0000000100F4A1261E4D4F15	= 2178
170184	= 1089
030607	= 1089
092958	= 2178
709697	= 1089
092931	= 2178
842085	= 1089
0000000100F4EA8C1E4D5387	= 2178
061775	= 1089
256074	= 1089
0000000100F4F5FA1E4D5433	= 2178
092908	= 2178
0000000100F49D351E4D4ED4	= 2178
092853	= 2178
039351	= 1089
092852	= 4356
094403	= 2178
018146	= 1089
0000000100F49C011E4D4EC1	= 2178
898500	= 1089
092957	= 2178
0000000100F4964D1E4D4E66	= 2178
021165	= 1089
0000000100F495F51E4D4E60	= 2178
092657	= 2178
554793	= 1089
740347	= 1089
0000000100F4951A1E4D4E54	= 2178
285971	= 1089
777608	= 1089
150165856	= 149193
462491	= 1089
009338	= 1089
859596	= 1089
094829	= 2178
0000000100F4837D1E4D4D36	= 2178
831639	= 1089
0000000100F4837C1E4D4D36	= 2178
092158	= 4356
3D150165853	= 2178
0000000100F483781E4D4D35	= 2178
926964	= 1089
092157	= 2178
397333	= 1089
0000000100F479341E4D4C93	= 2178
386101	= 1089
0000000100F477FB1E4D4C7F	= 2178
091855	= 2178
0000000100F477B61E4D4C7B	= 2178
830671	= 1089
091851	= 2178
396287	= 1089
814025	= 1089
091723	= 2178
257229	= 1089
091722	= 2178
091655	= 2178
0000000100F470511E4D4C05	= 2178
047941	= 1089
0000000100F4C3C41E4D5141	= 2178
091654	= 2178
091629	= 2178
569588	= 1089
691813	= 1089
0000000100F46CB21E4D4BCB	= 2178
681116	= 1089
091555	= 2178
615631	= 1089
0000000100F46B311E4D4BB4	= 2178
0000000100F4E8F01E4D536E	= 2178
352105	= 1089
0000000100F46B061E4D4BB0	= 2178
450745	= 1089
012962	= 1089
240174	= 1089
307934	= 1089
0000000100F46AC21E4D4BAE	= 2178
365791	= 1089
866855	= 1089
802296	= 1089
376174	= 1089
372640	= 1089
362607	= 1089
918100	= 1089
0000000100F4666A1E4D4B6B	= 2178
906148	= 1089
976778	= 1089
0000000100F4C8251E4D5181	= 2178
0000000100F466541E4D4B68	= 2178
161017	= 1089
0000000100F465C91E4D4B5F	= 2178
150049	= 1089
091408	= 2178
0000000100F465BE1E4D4B5E	= 2178
875368	= 1089
094317	= 2178
004935	= 1089
091402	= 2178
106940	= 1089
653792	= 1089
091346	= 2178
429394	= 1089
0000000100F462781E4D4B2D	= 2178
091317	= 2178
0000000100F462471E4D4B28	= 2178
746678	= 1089
808318	= 1089
091255	= 2178
984846	= 1089
091032	= 2178
420251	= 1089
0000000100F456541E4D4A6A	= 2178
549327	= 1089
0000000100F456531E4D4A6A	= 2178
590911	= 1089
095938	= 2178
091000	= 2178
450421	= 1089
484501	= 1089
454455	= 1089
0000000100F447151E4D4973	= 2178
376890	= 1089
0000000100F446D71E4D496F	= 2178
341895	= 1089
856079	= 1089
090551	= 4356
094357	= 1089
0000000100F457351E4D4A78	= 9801
091016	= 9801
0000000100F462171E4D4B25	= 3267
091309	= 3267
20182202	= 1089
270990	= 1089
834140	= 1089
268090	= 1089
18	= 2178
555600	= 1089
075	= 4356
4036	= 2178
751	= 2178
634002	= 2178
610010	= 2178
621548	= 1089
0000000100F9EA251E4D9EC1	= 2178
021485	= 1089
0000000100F515B21E4D5605	= 2178
544658	= 1089
143440	= 2178
054642	= 1089
703829	= 1089
0000000100F951601E4D95B3	= 2178
696032	= 1089
634709	= 1089
437012	= 7623
0000000100F9515E1E4D95B3	= 3267
143115	= 5445
560	= 2178
018248	= 1089
304	= 4356
321300	= 1089
798481	= 1089
301319153490	= 1089
1817	= 1089
150165853	= 53361
045377	= 1089
192491386	= 2178
0000000100F94F4A1E4D9596	= 2178
992266	= 1089
30	= 2178
34762	= 2178
0000000100F4CD3D1E4D51CB	= 2178
720086	= 1089
437010	= 2178
692743	= 1089
972691	= 1089
0000000100F94EB51E4D958C	= 2178
710662	= 1089
0000000100F4C8621E4D5185	= 2178
0000000100F465BD1E4D4B5E	= 2178
110108197608176850	= 1089
511	= 1089
428310	= 1089
10041	= 3267
103080	= 1089
140118	= 2178
905461	= 1089
8	= 3267
583	= 1089
121074	= 1089
0000000100F8DA321E4D8EAC	= 2178
L0102021	= 2178
640257	= 1089
402CGRP	= 1089
949112	= 1089
326516	= 1089
3DL0100022	= 1089
STD	= 3267
547450	= 1089
495	= 1089
891671	= 1089
0000000100F8C9CD1E4D8DB8	= 2178
982710	= 1089
140116	= 2178
881305	= 1089
135712	= 2178
452338	= 1089
029601	= 1089
303	= 1089
449532	= 1089
135605	= 2178
261548	= 1089
0000000100F4BEFB1E4D50F7	= 2178
0000000100F8C3321E4D8D56	= 2178
257923	= 1089
3D33	= 1089
00	= 2178
557653	= 1089
250011	= 1089
362812	= 1089
0000000100F4C6741E4D516E	= 2178
0000000100F8C3311E4D8D56	= 2178
740668	= 1089
237899	= 1089
135534	= 4356
050855	= 1089
899739	= 1089
103220	= 3267
317	= 1089
069635	= 1089
048104	= 1089
135211	= 2178
408234	= 1089
817	= 1089
862162	= 1089
764243	= 1089
0000000100F8A5DC1E4D8B9F	= 2178
759327	= 1089
461	= 1089
740622	= 1089
0000000100F4CE481E4D51DD	= 2178
0000000100F8A5DA1E4D8B9F	= 2178
535810	= 1089
134815	= 4356
532875	= 1089
928511	= 1089
0000000100F8A3FB1E4D8B84	= 2178
910571	= 1089
134748	= 2178
757678	= 1089
0755	= 4356
11295	= 1089
0000000100F8A3BD1E4D8B81	= 2178
L0101002	= 2178
251764	= 1089
120406196503064882	= 1089
100119	= 2178
499	= 1089
251647	= 1089
0000000100F8A2401E4D8B69	= 2178
234943	= 1089
134721	= 2178
465097	= 1089
094144	= 2178
407907	= 1089
2153	= 1089
172946	= 1089
974946	= 1089
107500	= 3267
341	= 1089
0000000100F472061E4D4C21	= 2178
596995	= 1089
593194	= 1089
80	= 2178
1876	= 1089
584383	= 1089
202320	= 3267
343936	= 1089
533833	= 1089
837989	= 1089
0000000100F88E441E4D8A3C	= 2178
134220	= 4356
0000000100F88C341E4D8A1E	= 2178
039122	= 1089
0000000100F8C5391E4D8D75	= 2178
30001231	= 3267
06	= 1089
2002	= 1089
100111	= 2178
CHN	= 3267
Z	= 3267
0000000100F8B5731E4D8C8A	= 2178
414903001000234534	= 3267
800098928	= 2178
0000000100F88C211E4D8A1D	= 2178
094149	= 2178
727911	= 1089
0000000100F5AC2F1E4D5EAE	= 2178
966422	= 1089
CODE	= 155727
ACC	= 6534
005794	= 1089
768812	= 1089
0000000100F4FDC91E4D54A6	= 2178
0000000100F4E8EF1E4D536E	= 2178
765090	= 1089
90	= 8712
407871	= 8712
103608	= 2178
COUNT	= 14157
0000000100F5AA2D1E4D5E90	= 2178
579245	= 1089
112905	= 1089
984244	= 1089
885634	= 1089
980067	= 1089
095523	= 2178
0000000100F465401E4D4B59	= 2178
0000000100F95EDF1E4D967F	= 2178
0000000100F5381A1E4D57F7	= 2178
056883	= 1089
0000000100F458571E4D4A88	= 2178
18218	= 10890
073614	= 1089
0000000100F5A8291E4D5E72	= 2178
20180202	= 676269
100639	= 2178
516926	= 1089
L0380001	= 1089
111457	= 2178
412	= 1089
154082	= 1089
0000000100F46AA71E4D4BAD	= 2178
3013	= 56628
150165852	= 20691
774461	= 1089
285	= 18513
103232	= 2178
267	= 4356
18206	= 10890
103230	= 2178
18194	= 10890
8010	= 4356
0000000100F5FDE31E4D6368	= 2178
111514	= 2178
0000000100F59C151E4D5DBE	= 2178
150165972	= 28314
038457	= 1089
0000000100F504871E4D5508	= 2178
0000000100F598891E4D5D8C	= 2178
103020	= 1089
973952	= 1089
105980	= 1089
435463	= 1089
806431	= 1089
061255	= 1089
18208	= 10890
102812	= 2178
645485	= 1089
102759	= 2178
449794	= 1089
252175	= 1089
0000000100F5B66F1E4D5F46	= 2178
668071	= 1089
493029	= 1089
822930	= 1089
242594	= 1089
0000000100F53D771E4D5846	= 2178
L0380465	= 1089
095047	= 2178
18201	= 10890
18226	= 10890
181079411	= 5445
254	= 27225
0000000100F610691E4D6479	= 2178
103609	= 2178
462930	= 1089
996225	= 1089
0000000100F5817C1E4D5C36	= 2178
093804	= 2178
0000000100F63B621E4D66F9	= 2178
18214	= 10890
832762	= 1089
18178	= 10890
0000000100F4CBA21E4D51B3	= 2178
110101	= 2178
18222	= 10890
150953	= 2178
0000000100F557BF1E4D59CF	= 2178
18223	= 10890
3D150165971	= 4356
3D0199013747	= 1089
0000000100F58C321E4D5CD1	= 2178
0000000100F57DC01E4D5C00	= 2178
489837	= 1089
848802	= 1089
958123	= 1089
113554	= 1089
975041	= 1089
18203	= 18513
0000000100F51FA61E4D5696	= 2178
L0109005	= 23958
250078	= 1089
028327	= 1089
150165971	= 33759
092850	= 2178
102505	= 4356
0000000100F599C11E4D5D9C	= 2178
0000000100F51EEF1E4D568D	= 2178
350589	= 1089
0000000100F88E451E4D8A3C	= 2178
101939	= 2178
1	= 498762
675185	= 1089
094146	= 2178
0000000100F555CA1E4D59B1	= 2178
3D801000001258	= 3267
0000000100F639551E4D66E2	= 2178
110138	= 1089
L0106016	= 1089
3D8010	= 6534
18225	= 11979
2015	= 3267
342	= 6534
603865	= 1089
18168	= 10890
094617	= 4356
416	= 11979
0000000100F51C481E4D5665	= 2178
466541	= 1089
150165969	= 55539
0000000100F9F4B31E4D9F61	= 2178
501090	= 20691
L0109001	= 23958
111215	= 2178
0000000100F649391E4D67C5	= 2178
18207	= 13068
101524	= 2178
862112	= 1089
0000000100F4D6FB1E4D5264	= 2178
929460	= 1089
494165	= 1089
100020	= 3267
8520	= 3267
18190	= 10890
18221	= 10890
271	= 1089
L0380466	= 1089
538879	= 1089
0000000100F555D91E4D59B2	= 2178
094855	= 2178
286563	= 1089
936723	= 1089
0000000100F5AC301E4D5EAE	= 2178
Buf	= 677358
794787	= 1089
18175	= 10890
L0300101	= 6534
495232	= 1089
219603	= 1089
OPERATOR	= 14157
402C19	= 1089
201597	= 1089
9010001	= 21780
0000000100F4EA7F1E4D5385	= 2178
411522	= 1089
0000000100F6441D1E4D677C	= 2178
256	= 26136
152	= 4356
814955	= 1089
CAT	= 4356
093034	= 2178
L0100020	= 2178
971830	= 1089
242745	= 1089
SRV	= 4356
827370	= 1089
18192	= 14157
207811	= 1089
064319	= 1089
091532	= 2178
18220	= 10890
0000000100F5B0AF1E4D5EF1	= 2178
103600	= 2178
094454	= 2178
253	= 3267
322587	= 1089
0000000100F649051E4D67C2	= 2178
605155	= 1089
895813	= 1089
103530	= 2178
0000000100F555D31E4D59B2	= 2178
3D800401522	= 1089
18202	= 14157
951421	= 1089
QMNROPELHSW0123456789ABCDZKFJXTGIY	= 2178
0000000100F49F9A1E4D4EFB	= 2178
40	= 15246
192880	= 1089
570085	= 1089
L0103008	= 4356
614348	= 1089
515110	= 1089
512326	= 1089
0000000100F493491E4D4E34	= 2178
ID	= 5445
0000000100F46ECC1E4D4BEC	= 2178
18195	= 10890
01	= 3267
432697	= 1089
18171	= 10890
315350	= 1089
R	= 30492
596523	= 1089
0000000100F556681E4D59BC	= 2178
101515	= 8712
498479	= 1089
18183	= 10890
481886	= 1089
0123456789	= 345213
0000000100F533131E4D57AF	= 2178
726150	= 1089
103554	= 2178
402C6	= 2178
402C	= 2178
11	= 7623
232	= 10890
L0301042	= 207999
909959	= 1089
198357	= 1089
18179	= 10890
600	= 1089
SESSION	= 344124
3D301319135045	= 1089
433681	= 1089
524100	= 98010
270169	= 1089
402C2	= 1089
9999	= 313632
178534	= 1089
100643	= 2178
572663	= 1089
880819	= 1089
98	= 333234
0000000100F461241E4D4B17	= 2178
279	= 51183
0000000100F5D0841E4D60C1	= 2178
TYPE	= 7623
091406	= 4356
166782	= 1089
0000000100F4F2EA1E4D5407	= 2178
L0109002	= 29403
0123456789ABCDZF	= 1089
0000000100F51CE71E4D566F	= 2178
K	= 14157
18211	= 10890
18219	= 10890
RES	= 9801
244	= 5445
650957	= 1089
76	= 1089
999	= 314721
18196	= 10890
0000000100F4C3411E4D513B	= 2178
405654	= 1089
013691	= 1089
USER	= 384417
103150	= 4356
0000000100F63CFD1E4D6710	= 2178
379490	= 1089
LAST	= 14157
785989	= 1089
091419	= 2178
0000000100F5A9B11E4D5E88	= 2178
100149	= 2178
581265	= 1089
0000000100F5CF341E4D60AE	= 2178
0000000100F52FED1E4D5780	= 2178
0000000100F60F7F1E4D646C	= 2178
18186	= 13068
695076	= 1089
L	= 14157
777098	= 1089
237862	= 1089
655673	= 1089
0000000100F8922D1E4D8A77	= 2178
100000	= 4356
101135	= 2178
0000000100F555D41E4D59B2	= 2178
140723	= 1089
UI	= 2178
707077	= 1089
110204	= 1089
291	= 30492
0000000100F4C11F1E4D5118	= 2178
0050569e247d	= 344124
143047	= 1089
792258	= 1089
ENDIAN	= 344124
CHECK	= 56628
604198	= 1089
0000000100F63CA91E4D670B	= 2178
0000000100F53CB81E4D583D	= 2178
0000000100F589B01E4D5CAF	= 2178
0000000100F5BE511E4D5FB7	= 2178
260468	= 1089
18204	= 10890
604219	= 1089
102834	= 2178
094001	= 2178
297561	= 1089
0000000100F49D0D1E4D4ED2	= 2178
2010	= 1089
102601	= 2178
045279	= 1089
268	= 176418
0000000100F58A8B1E4D5CBA	= 2178
105706	= 1089
100628	= 2178
150165862	= 20691
568790	= 1089
318372	= 1089
0000000100F60B341E4D642C	= 2178
717231	= 1089
573549	= 1089
18191	= 10890
103528	= 2178
601213	= 1089
10055	= 55539
091525	= 4356
18213	= 10890
810	= 1089
669961	= 1089
839077	= 1089
093924	= 2178
100902	= 2178
18189	= 10890
25	= 5445
0000000100F5A9DA1E4D5E8A	= 2178
ROLE	= 348480
861823	= 1089
0000000100F58AB71E4D5CBC	= 2178
40L0102002	= 1089
18188	= 13068
421871	= 1089
619742	= 1089
100252	= 2178
169653	= 1089
0000000100F531B71E4D579B	= 2178
675574	= 1089
257924	= 1089
SITE	= 344124
103140	= 2178
0000000100F8A1071E4D8B56	= 2178
606815	= 1089
08	= 5445
2007	= 2178
0000000100F46AA81E4D4BAD	= 2178
0000000100F5CF371E4D60AE	= 2178
030552	= 1089
0000000100F51E571E4D5683	= 2178
311	= 1089
CHANNEL	= 344124
130451	= 1089
223582	= 1089
0000000100F470721E4D4C06	= 2178
103159	= 2178
0000000100F4E1111E4D52F9	= 2178
110849	= 2178
18216	= 10890
0000000100F5C00E1E4D5FD2	= 2178
2602	= 2178
USE	= 315810
18169	= 10890
0000000100F5B5EF1E4D5F3E	= 2178
226	= 2178
05	= 5445
103041	= 2178
0000000100F5B8BB1E4D5F65	= 2178
578560	= 1089
0000000100F889021E4D89F0	= 2178
134320	= 2178
18197	= 10890
481	= 1089
856676	= 1089
801000001259	= 2178
094011	= 2178
0000000100F522C51E4D56C4	= 2178
067143	= 1089
939984	= 1089
MsgId	= 677358
028195	= 1089
102555	= 4356
103160	= 2178
PARA	= 27225
2	= 656667
0000000100F647861E4D67AC	= 2178
870781	= 1089
120165	= 1089
18180	= 10890
095259	= 2178
L0300010	= 4356
545229	= 1089
1000	= 10890
559458	= 1089
0	= 1169586
Req	= 343035
0000000100F649861E4D67CC	= 2178
589626	= 1089
079841	= 1089
102001	= 176418
608158	= 1089
0000000100F4E8E61E4D536E	= 2178
0000000100F496101E4D4E61	= 2178
0000000100F581901E4D5C38	= 2178
0000000100F9F4AA1E4D9F60	= 4356
172720	= 1089
FUNC	= 316899
0000000100F555D51E4D59B2	= 2178
NODE	= 316899
811948	= 1089
0000000100F464531E4D4B4A	= 2178
986731	= 1089
18224	= 10890
LBM	= 677358
111140	= 2178
40L0380002	= 1089
100752	= 4356
095204	= 2178
F	= 2064744
666317	= 1089
092644	= 2178
103156	= 2178
655421	= 1089
010665	= 1089
0000000100F4DFCB1E4D52E8	= 2178
18181	= 15246
692350	= 1089
092658	= 2178
684132	= 5445
OPEN	= 3267
3D150165856	= 5445
742954	= 1089
269	= 1089
0000000100F5AAC11E4D5E98	= 2178
116657	= 1089
FLAG	= 3267
0000000100F5AAB21E4D5E98	= 2178
754871	= 1089
892734	= 1089
40L0380001	= 1089
333	= 9801
074191	= 1089
150165970	= 21780
330839	= 1089
094830	= 6534
102558	= 2178
100825	= 4356
390	= 1089
100010	= 28314
12	= 2178
0000000100F53AFA1E4D5822	= 2178
0000000100F588271E4D5C98	= 2178
094313	= 2178
091529	= 2178
18217	= 10890
0000000100F610841E4D647B	= 2178
303120	= 5445
111518	= 2178
07	= 7623
143038	= 1089
LIST	= 29403
100829	= 2178
094212	= 2178
607347	= 1089
3D0	= 10890
814703	= 1089
256382	= 1089
697651	= 1089
40TODAY	= 1089
272650	= 1089
L0102007	= 1089
878303	= 1089
461970	= 1089
402C9	= 1089
318351	= 1089
283	= 93654
353741	= 1089
395408	= 1089
CUSTOMER	= 104544
MARKET	= 49005
18198	= 10890
318863	= 1089
0000000100F472181E4D4C23	= 2178
41200009834	= 1089
50030000	= 1089
241551	= 1089
106211	= 22869
055451	= 1089
0000000100F5AF831E4D5EE0	= 2178
0000000100F51F301E4D568E	= 2178
299	= 34848
333493	= 1089
0000000100F456341E4D4A68	= 2178
062270	= 1089
228582	= 1089
18172	= 10890
972214	= 1089
3015	= 2178
091416	= 2178
381043	= 1089
005780	= 1089
104	= 4356
18209	= 10890
300	= 40293
0000000100F538191E4D57F7	= 2178
022682	= 1089
0000000100F547491E4D58D8	= 2178
304064	= 1089
257239	= 1089
059225	= 1089
095046	= 2178
18200	= 10890
134151	= 2178
100245	= 2178
327566	= 1089
791953	= 1089
107286	= 1089
091312	= 2178
NO	= 56628
206942	= 1089
729692	= 1089
18227	= 10890
522345	= 2178
0000000100F59C411E4D5DC0	= 2178
102811	= 2178
863020	= 1089
783146	= 1089
0000000100F53A311E4D5819	= 2178
103933	= 2178
209080	= 1089
0000000100F4C4531E4D514B	= 2178
L0100038	= 8712
579242	= 1089
L0106002	= 98010
100827	= 2178
0000000100F4A1D01E4D4F1F	= 2178
CUST	= 114345
134745	= 2178
100839	= 2178
339	= 1089
766007	= 1089
093909	= 2178
4000	= 2178
RECORD	= 19602
0000000100F5B3EA1E4D5F21	= 2178
150165846	= 4356
0000000100F467A91E4D4B7E	= 2178
027325	= 1089
367453	= 1089
6	= 1089
100834	= 2178
253648	= 1089
18182	= 10890
586935	= 1089
3D3013	= 8712
035319	= 1089
510119	= 1089
CURRENCY	= 7623
705844	= 1089
638345	= 1089
093832	= 4356
L0100009	= 5445
111153	= 2178
100552	= 2178
L0301002	= 88209
0000000100F53B361E4D5827	= 2178
473245	= 1089
133381	= 1089
02	= 15246
970305	= 1089
XIAOXJ	= 1089
18177	= 10890
301040	= 1089
515341	= 1089
18176	= 10890
129108	= 1089
18173	= 10890
040466	= 1089
L0109020	= 54450
0000000100F547471E4D58D7	= 2178
0000000100F509D71E4D5558	= 2178
0000000100F53F2D1E4D5860	= 2178
742604	= 1089
0000000100F532671E4D57A4	= 2178
0000000100F5B4931E4D5F29	= 2178
269200	= 1089
86	= 2178
28207	= 5445
645181	= 1089
0000000100F4DA9C1E4D529B	= 2178
3D801000001259	= 3267
0000000100F4D3E11E4D5235	= 2178
18184	= 10890
0000000100F4F2621E4D53FC	= 2178
789093	= 1089
0000000100F5A7FB1E4D5E70	= 2178
3D3015	= 1089
310619	= 1089
L0109003	= 23958
0000000100F5237C1E4D56CC	= 2178
566958	= 1089
111217	= 4356
307068	= 1089
IDS	= 1089
867201	= 1089
18187	= 10890
0000000100F4E9B01E4D537B	= 2178
9	= 6534
260167	= 1089
106070	= 2178
053784	= 1089
687196	= 1089
18174	= 10890
Ans	= 333234
L0107036	= 40293
40L0380201	= 1089
10	= 25047
INFO	= 5445
FMTREPTS	= 1089
090858	= 3267
100620	= 2178
763402	= 1089
NAME	= 9801
045852	= 1089
520781	= 1089
0000000100F4E92B1E4D5372	= 2178
268524	= 1089
615971	= 1089
18170	= 10890
101137	= 2178
296570	= 1089
683961	= 1089
453443	= 1089
124826	= 1089
0000000100F49E1C1E4D4EE3	= 2178
242	= 5445
21	= 5445
366330	= 1089
957934	= 1089
334	= 1089
101513	= 2178
197368	= 1089
110557	= 4356
608786	= 1089
828563	= 1089
402C1	= 18513
103110	= 3267
0000000100F5BE471E4D5FB6	= 2178
0000000100F53A6D1E4D581A	= 2178
0000000100F63CFC1E4D6710	= 2178
850714	= 1089
279928	= 1089
677767	= 1089
DD	= 16335
301319001273	= 1089
L0100030	= 10890
5000	= 5445
103633	= 2178
380469	= 1089
758558	= 1089
3D1B	= 1089
095058	= 4356
STATUS	= 57717
231077	= 1089
18212	= 10890
0000000100F5AC7F1E4D5EB1	= 2178
0000000100F640701E4D6745	= 2178
IP	= 4356
769858	= 1089
103709	= 2178
0000000100F49D2B1E4D4ED4	= 2178
704176	= 1089
416985	= 1089
296	= 3267
0000000100F446D61E4D496E	= 2178
151233	= 2178
353936	= 1089
091439	= 2178
724	= 1089
0000000100F5AEC61E4D5ED5	= 2178
714841	= 1089
134702	= 2178
034856	= 1089
998173	= 1089
108673	= 1089
800401522	= 6534
091527	= 2178
18215	= 10890
485	= 2178
END	= 2178
120813	= 1089
18193	= 10890
101543	= 2178
0000000100F5AF841E4D5EE0	= 2178
729570	= 1089
235244	= 1089
161092	= 1089
18199	= 10890
074072	= 1089
103758	= 2178
665822	= 1089
0000000100F5B21A1E4D5F06	= 2178
051695	= 1089
092612	= 2178
864890	= 1089
0000000100F57DBF1E4D5C00	= 2178
103826	= 2178
439332	= 2178
785137	= 1089
302210	= 8712
100911	= 2178
378369	= 1089
105641	= 4356
390842	= 1089
BRANCHES	= 14157
103834	= 2178
530212	= 1089
739935	= 1089
0000000100F4D0381E4D51FC	= 2178
392968	= 1089
MKT	= 2178
103855	= 2178
TRD	= 4356
0000000100F62EA51E4D6641	= 2178
103903	= 2178
333417	= 1089
094834	= 2178
014341	= 1089
0000000100F5E6EB1E4D620F	= 2178
869789	= 1089
103908	= 2178
338411	= 1089
0000000100F5B6E01E4D5F4C	= 2178
985824	= 1089
104053	= 2178
0000000100F5BE371E4D5FB5	= 2178
L0103010	= 8712
303190	= 5445
714534	= 1089
402C14	= 1089
105717	= 2178
302	= 13068
557434	= 1089
104055	= 10890
093759	= 2178
009136	= 1089
835079	= 1089
021836	= 1089
0000000100F4D4B71E4D5241	= 2178
105034	= 2178
19960718	= 3267
0139680203	= 3267
0000000100F5BE421E4D5FB6	= 2178
807828	= 1089
0000000100F5BE451E4D5FB6	= 2178
111405	= 2178
109453	= 1089
566254	= 1089
447506	= 1089
102736	= 2178
18210	= 10890
L0102042	= 4356
363948	= 1089
26	= 2178
Len	= 677358
BEG	= 2178
112860	= 1089
0000000100F5BE4F1E4D5FB6	= 2178
092834	= 2178
518000	= 4356
402C20	= 1089
0000000100F4A37D1E4D4F38	= 2178
475816	= 1089
884286	= 1089
28151	= 1089
535613	= 1089
L0107067	= 4356
542606	= 1089
289808	= 1089
BOARD	= 47916
520	= 2178
094844	= 4356
401040	= 2178
104122	= 2178
435871	= 1089
095943	= 2178
771198	= 1089
0000000100F6006A1E4D638D	= 2178
492359	= 1089
649429	= 1089
319	= 2178
302010	= 5445
478203	= 1089
L0180231	= 1089
325687	= 1089
150160340	= 8712
094451	= 2178
BRANCH	= 378972
781060	= 1089
104131	= 4356
983780	= 1089
0000000100F5C0C21E4D5FDA	= 2178
050334	= 1089
117623	= 1089
170087	= 1089
START	= 1089
017519	= 1089
376392	= 1089
402CBRANCH	= 5445
L0300134	= 4356
104134	= 2178
097690	= 1089
0000000100F5C10F1E4D5FDD	= 2178
40L0180231	= 1089
387623	= 1089
309	= 1089
0000000100F5FF551E4D637D	= 2178
0000000100F4C1201E4D5118	= 2178
111524	= 2178
SECU	= 6534
104143	= 2178
877998	= 1089
553870	= 1089
272	= 1089
650932	= 1089
104503	= 6534
L0103014	= 2178
169433	= 1089
402C18	= 2178
678	= 1089
0000000100F5CF331E4D60AE	= 2178
278	= 3267
GRID	= 10890
912	= 1089
966162	= 1089
539	= 3267
SN	= 33759
111309	= 2178
63015	= 8712
698135	= 1089
356	= 2178
ACCOUNT	= 8712
969359	= 1089
357	= 1089
0000000100F5E5941E4D61FA	= 2178
0000000100F4CE111E4D51DA	= 2178
083838	= 1089
4	= 1089
10036	= 25047
3D00	= 3267
094705	= 2178
GRP	= 3267
L0100002	= 3267
0219861199	= 1089
337	= 1089
103100	= 2178
096824	= 1089
092702	= 2178
568594	= 1089
104773	= 1089
090555	= 2178
926366	= 1089
L0103002	= 6534
263	= 2178
0000000100F53A2E1E4D5819	= 2178
836486	= 1089
180022892	= 2178
152977	= 1089
002893	= 1089
001	= 1089
0000000100F4F3D61E4D5411	= 2178
0000000100F53A8A1E4D581C	= 2178
0000000100F62FFA1E4D6655	= 2178
09	= 1089
059889	= 1089
111212	= 4356
0000000100F4F6CA1E4D543F	= 2178
104521	= 2178
163634	= 1089
037875	= 1089
103113	= 1089
749	= 2178
050787	= 1089
091002	= 4356
105702	= 2178
919207	= 1089
095332	= 2178
924123	= 1089
1586	= 1089
103737	= 2178
0000000100F646B51E4D67A2	= 2178
343	= 1089
105056	= 2178
417059	= 1089
322	= 1089
FUNCTION	= 78408
1S	= 1089
524090	= 5445
L0107071	= 6534
392128	= 1089
0199013747	= 2178
5	= 8712
DATE	= 8712
512123	= 1089
929788	= 1089
362073	= 1089
0000000100F5FDEB1E4D6368	= 2178
367018	= 1089
572	= 1089
0000000100F5949A1E4D5D51	= 2178
312525	= 1089
402CCUST	= 2178
314282	= 1089
L0102005	= 1089
402CUSER	= 2178
023740	= 1089
105705	= 1089
0000000100F5FF911E4D6381	= 2178
105710	= 2178
365450	= 1089
103630	= 4356
0000000100F5FFF21E4D6385	= 2178
1006	= 8712
355	= 2178
392839	= 1089
3D150165972	= 3267
8037	= 1089
366	= 3267
100140	= 2178
1873	= 1089
BIZ	= 3267
522330	= 1089
578	= 1089
134104	= 2178
105957	= 2178
313	= 1089
0000000100F4F8F51E4D545E	= 2178
385934	= 1089
220163	= 1089
191874916	= 1089
143046	= 1089
0000000100F8DA641E4D8EAE	= 2178
110113	= 2178
0000000100F5C18C1E4D5FE7	= 2178
110115	= 6534
489068	= 1089
760162	= 1089
259	= 3267
3D150092979	= 1089
635594	= 1089
499575	= 1089
0000000100F4CDDD1E4D51D8	= 2178
642189	= 1089
134150	= 2178
0000000100F6109B1E4D647B	= 2178
745148	= 1089
L0400232	= 2178
0000000100F599E21E4D5D9E	= 2178
MARKETS	= 4356
0000000100F6109E1E4D647B	= 2178
28215	= 1089
000001	= 2178
0000000100F4F2CF1E4D5402	= 2178
110116	= 2178
0000000100F4C7DA1E4D517B	= 2178
0000000100F610AB1E4D647B	= 2178
129230	= 1089
0000000100F4525F1E4D4A2A	= 3267
106221	= 4356
99	= 345213
522210	= 20691
0000000100F4C3701E4D513C	= 2178
2009	= 2178
OP	= 1376496
818670	= 1089
457376	= 1089
142568	= 1089
L0300402	= 1089
0000000100F6233B1E4D6595	= 2178
24	= 2178
2455	= 1089
947	= 2178
141369	= 1089
687577	= 1089
845750	= 1089
18205	= 10890
100	= 3267
275	= 1089
402CMARKET	= 2178
518166	= 1089
0000000100F4DFCC1E4D52E8	= 2178
618714	= 1089
933309	= 1089
100014	= 2178
L0100022	= 4356
394	= 1089
3D2018	= 5445
856564	= 1089
STATE	= 2178
328352	= 1089
3D999	= 3267
159768	= 1089
0000000100F581451E4D5C33	= 2178
796173	= 1089
715375	= 1089
0000000100F533531E4D57B3	= 2178
MENU	= 2178
110910	= 2178
3D1	= 2178
3D0000058052	= 1089
095521	= 2178
653587	= 1089
L0301022	= 2178
247178	= 1089
587851	= 1089
459798	= 1089
1236	= 1089
0000000100F4F7191E4D5444	= 2178
468484	= 1089
0000000100F63A061E4D66EB	= 2178
303540	= 1089
111130	= 2178
642450	= 1089
094527	= 2178
0000000100F623371E4D6595	= 2178
326	= 7623
0000000100F581471E4D5C33	= 2178
0000000100F63CA81E4D670B	= 2178
402CMARKETBOARD	= 1089
18185	= 10890
L0180201	= 3267
103112	= 3267
402C3	= 15246
L0380488	= 1089
IS	= 2178
0000000100F581B91E4D5C3A	= 2178
402C11	= 1089
0000000100F4A1201E4D4F14	= 2178
402C15	= 1089
3D27	= 5445
106126	= 57717
402C16	= 1089
L0106014	= 1089
106127	= 166617
402C17	= 2178
402C23	= 2178
102602	= 2178
402C26	= 2178
585209	= 1089
40L0380101	= 1089
597621	= 1089
40L0380301	= 1089
3	= 1089
cll	= 1089
0000000100F63CD61E4D670F	= 2178
516682	= 1089
332842	= 1089
0000000100F5C0C41E4D5FDA	= 2178
327745	= 1089
617702	= 1089
093915	= 2178
111341	= 2178
402C10	= 2178
197763	= 1089
3D21	= 2178
0000000100F642891E4D6765	= 2178
085591	= 1089
2014	= 1089
089623	= 1089
111408	= 2178
094750	= 2178
098284	= 1089
615753	= 1089
756196	= 1089
143036	= 2178
0000000100F644701E4D6780	= 2178
111442	= 4356
781481	= 1089
0000000100F646B61E4D67A2	= 2178
151232	= 4356
799595	= 1089
2893	= 1089
111453	= 2178
L0106010	= 1089
012915	= 1089
738221	= 1089
0000000100F647B01E4D67B0	= 2178
0000000100F49D291E4D4ED4	= 2178
091915	= 2178
629529	= 2178
281696	= 1089
100235	= 2178
093959	= 1089
100937	= 2178
103721	= 4356
556188	= 1089
005100	= 1089
672571	= 1089
04	= 1089
0000000100F5154C1E4D5601	= 2178
541422197506263378	= 1089
0000000100F4D03F1E4D51FE	= 2178
275092	= 1089
758813	= 1089
915661	= 1089
552580	= 1089
849236	= 1089
294327	= 1089
042127	= 1089
134105	= 2178
251585	= 1089
0000000100F889061E4D89F0	= 2178
0000000100F567AF1E4D5ABA	= 2178
103553	= 2178
L0102002	= 6534

All completed in 2s.
